<?xml version="1.0" encoding="UTF-8"?>
<!-- Generated by org.testng.reporters.JUnitReportReporter -->
<testsuite hostname="DESKTOP-KIB7BK7" name="Test.MainTest" tests="1" failures="0" timestamp="15 May 2019 19:13:43 GMT" time="0.008" errors="0">
  <testcase name="demoTest1" time="0.008" classname="Test.MainTest"/>
</testsuite> <!-- Test.MainTest -->
