<?xml version="1.0" encoding="UTF-8"?>
<!-- Generated by org.testng.reporters.JUnitReportReporter -->
<testsuite hostname="DESKTOP-KIB7BK7" name="Test.AppTest" tests="2" failures="0" timestamp="15 May 2019 19:13:43 GMT" time="0.008" errors="0">
  <testcase name="AppTestSuite" time="0.003" classname="Test.AppTest"/>
  <testcase name="anotherTest" time="0.005" classname="Test.AppTest"/>
</testsuite> <!-- Test.AppTest -->
