<?xml version="1.0" encoding="UTF-8"?>
<!-- Generated by org.testng.reporters.JUnitReportReporter -->
<testsuite hostname="DESKTOP-KIB7BK7" name="Test.MainTest" tests="2" failures="0" timestamp="1 May 2019 14:51:57 GMT" time="22.594" errors="0">
  <testcase name="demoTest1" time="12.864" classname="Test.MainTest"/>
  <testcase name="demoTest1" time="9.730" classname="Test.MainTest"/>
</testsuite> <!-- Test.MainTest -->
